******************************************************************************
commit 380094f12a3b15865c79cea9724571a9a9fb3fc8
Author: Pierre Muller <pierre@freepascal.org>
Date:   Wed Feb 22 13:41:25 2023 +0100

      Regenerate Makefile with trunk fpcmake
    
      To add mips64-linux, aarch64-embedded, riscv32-freertos,
      and loongarch64-linux new supported targets.

M	Makefile

******************************************************************************
commit 569d4449ce6ca92a66b653e4bc3808f2e17e396d
Author: FPK <florian@freepascal.org>
Date:   Sun Jan 9 17:56:47 2022 +0000

      * create doc-pdf.tar.gz and doc-pdf.zip, keep them both as artifacts

M	.gitlab-ci.yml

******************************************************************************
commit 704de2d58f74d26aca2312f2c0b427d79e5576e0
Author: florian <florian@freepascal.org>
Date:   Wed Jan 5 17:01:06 2022 +0100

      + Dockerfile for FPC-Gitlab-CI used

A	Dockerfiles/Dockerfile.debian-buster-x86_64

******************************************************************************
commit d18ac25cd5953cc0d0fcc26605a94ce07da8593d
Author: Pierre Muller <pierre@freepascal.org>
Date:   Sun Aug 15 12:03:57 2021 +0200

    Change svn repository to github in install/makesource-svn

M	install/makesource-svn

******************************************************************************
commit 278273d2e348cefd7fcbb4a7792f5882629f101a
Author: Pierre Muller <pierre@freepascal.org>
Date:   Tue Aug 10 08:20:05 2021 +0200

    Update fpcsrc from c5a128fae7 to 10acbca828

M	fpcsrc

******************************************************************************
commit 5188692bf4b7f792596dbf495556cc965122f985
Author: Florian Klämpfl <florian@freepascal.org>
Date:   Sun Aug 8 16:08:45 2021 +0200

      * fpcdocs uses always the main branch

M	.gitmodules

******************************************************************************
commit ab918b97e2bf1b1c3534e01d22cc37f4fc43846c
Author: pierre <pierre@freepascal.org>
Date:   Fri May 8 21:25:43 2020 +0000

     Regenerate Makefile using 3.3.1 version of fpcmake
    
    git-svn-id: trunk@1499 -

M	Makefile

******************************************************************************
commit db4bc2103094ab27e90dba70a7e831798d8ffe0a
Author: nickysn <nickysn@gmail.com>
Date:   Sun Jun 7 03:50:34 2020 +0000

    * updated nasm to the latest stable version
    
    git-svn-id: trunk@1514 -

M	install/crossbinmsdos/nasm.exe

******************************************************************************
commit 98a7231bd3d09af6ac7c112e6163835c6f0816c3
Author: pierre <pierre@freepascal.org>
Date:   Tue Aug 4 10:20:58 2020 +0000

    Regenerated all Makefile's
    
    git-svn-id: trunk@1526 -

M	Makefile
M	demo/Makefile
M	demo/freebsd/Makefile
M	demo/graph/Makefile
M	demo/linux/Makefile
M	demo/lister/Makefile
M	demo/modex/Makefile
M	demo/morphos/Makefile
M	demo/netware/Makefile
M	demo/netwlibc/Makefile
M	demo/os2/Makefile
M	demo/text/Makefile
M	demo/unix/Makefile
M	demo/win32/Makefile

******************************************************************************
commit 8b6f844abb34ff4916d30a6cc1de3a2ae359acf8
Author: pierre <pierre@freepascal.org>
Date:   Fri Nov 20 14:08:38 2020 +0000

     Regenerate Makefile's after last fpcmake change in commit 47483
    
    git-svn-id: trunk@1533 -

M	Makefile
M	demo/Makefile
M	demo/freebsd/Makefile
M	demo/graph/Makefile
M	demo/linux/Makefile
M	demo/lister/Makefile
M	demo/modex/Makefile
M	demo/morphos/Makefile
M	demo/netware/Makefile
M	demo/netwlibc/Makefile
M	demo/os2/Makefile
M	demo/text/Makefile
M	demo/unix/Makefile
M	demo/win32/Makefile

******************************************************************************
commit 0265bca02790eda8d3f6f3e9d70757a0c82f1618
Author: pierre <pierre@freepascal.org>
Date:   Wed Feb 10 10:58:37 2021 +0000

     Set Source directory for ppcjvm.exe to bin\i386-win32 and remove fpmkinst directory
    
    git-svn-id: trunk@1535 -

M	install/fpcjvm.ist

******************************************************************************
commit 0b37ca48206e7373f6f82db3130018ac1eb21e46
Author: Tomas Hajny <hajny@freepascal.org>
Date:   Sun Feb 28 11:02:34 2021 +0000

      + added binaries for asldos2, gdbos2 and makeos2
    
    git-svn-id: trunk@1543 -

A	install/binos2/asldos2/bin/os2/emxfpemu
A	install/binos2/asldos2/bin/os2/emxrev.cmd
A	install/binos2/asldos2/bin/os2/emxuzdll.cmd
A	install/binos2/asldos2/book/emxrt.inf
A	install/binos2/gdbos2/pmgdb.hlp
A	install/binos2/makeos2/doc/chmod.1
A	install/binos2/makeos2/doc/cp.1
A	install/binos2/makeos2/doc/date.1
A	install/binos2/makeos2/doc/dd.1
A	install/binos2/makeos2/doc/df.1
A	install/binos2/makeos2/doc/diff.1
A	install/binos2/makeos2/doc/du.1
A	install/binos2/makeos2/doc/gnufutil.os2
A	install/binos2/makeos2/doc/gnusutil.os2
A	install/binos2/makeos2/doc/install.1
A	install/binos2/makeos2/doc/ls.1
A	install/binos2/makeos2/doc/make.emx
A	install/binos2/makeos2/doc/make.man
A	install/binos2/makeos2/doc/mkdir.1
A	install/binos2/makeos2/doc/mv.1
A	install/binos2/makeos2/doc/pwd.1
A	install/binos2/makeos2/doc/rm.1
A	install/binos2/makeos2/doc/rmdir.1

******************************************************************************
commit 614ec19bece6cb979e266afb000b33e7e851a5b4
Author: pierre <pierre@freepascal.org>
Date:   Mon Mar 8 07:38:36 2021 +0000

    Check for gtr existence and use it if `gtr --help` contains "GNU.*coreutil"
    
    git-svn-id: trunk@1547 -

M	install/makepack

******************************************************************************
commit 7085eea5073feaa4a5a98913eecdc8c9453b8ea9
Author: pierre <pierre@freepascal.org>
Date:   Fri Mar 12 13:28:14 2021 +0000

     Update Makefile's after commits 48929/48930
    
    git-svn-id: trunk@1548 -

M	Makefile
M	demo/Makefile
M	demo/freebsd/Makefile
M	demo/graph/Makefile
M	demo/linux/Makefile
M	demo/lister/Makefile
M	demo/modex/Makefile
M	demo/morphos/Makefile
M	demo/netware/Makefile
M	demo/netwlibc/Makefile
M	demo/os2/Makefile
M	demo/text/Makefile
M	demo/unix/Makefile
M	demo/win32/Makefile

******************************************************************************
commit a04134b134bd645cb79d35812f90ee6df6661e3e
Author: pierre <pierre@freepascal.org>
Date:   Sun Mar 14 16:22:44 2021 +0000

     Regenerate Makefile with latest fpcmake after previous commit #1551
    
    git-svn-id: trunk@1552 -

M	Makefile

******************************************************************************
commit 00ca849325f654716b1a2db79637f9102ef15a4b
Author: pierre <pierre@freepascal.org>
Date:   Thu Mar 18 22:29:49 2021 +0000

     Add ihxutil -> ihxu to renametoshort Makefile target
    
    git-svn-id: trunk@1556 -

M	Makefile
M	Makefile.fpc

******************************************************************************
commit 71488e4de71f84a28abc3dd5d61163ef04e33988
Author: pierre <pierre@freepascal.org>
Date:   Thu Mar 18 22:30:37 2021 +0000

     Try to update to current trunk layout
    
    git-svn-id: trunk@1557 -

M	install/go32v2/win-to-dos-zips.bat

******************************************************************************
commit 308ceef87b190c2bae06a26ac473d6e4b97d5d0c
Author: pierre <pierre@freepascal.org>
Date:   Thu Mar 18 22:32:21 2021 +0000

     New script to check packages/utils zip names for go32v2 zip installer
    
    git-svn-id: trunk@1558 -

A	install/go32v2/check.sh

******************************************************************************
commit 38b9c448137a7cf62faa9a08e574aa0083ed8322
Author: pierre <pierre@freepascal.org>
Date:   Sun Mar 21 10:41:50 2021 +0000

    Add missing packages qlunits and utils/wasmbin to renametoshort list
    
    git-svn-id: trunk@1560 -

M	Makefile
M	Makefile.fpc

******************************************************************************
commit 9653812862e687d95ea5281119b1e367cbe62111
Author: pierre <pierre@freepascal.org>
Date:   Sat Mar 27 21:53:13 2021 +0000

     Add generation of dos331.zip and dos331full.zip
    
    git-svn-id: trunk@1576 -

M	install/go32v2/win-to-dos-zips.bat

******************************************************************************
commit bf231cbafefd0d26ad5f4bf3903f6ab8ed8adde3
Author: pierre <pierre@freepascal.org>
Date:   Sat Mar 27 22:14:16 2021 +0000

     Accord shortname rule in Makefile.fpc for utils/tply directory to ShortName set inside fpmake.pp
    
    git-svn-id: trunk@1578 -

M	Makefile
M	Makefile.fpc

******************************************************************************
commit e1926e813b2de4f10ac3d79cf2f3b6a0b46b420d
Author: pierre <pierre@freepascal.org>
Date:   Sun Mar 28 00:00:25 2021 +0000

     Adapt shortname rule for utils-pas2fpm (use p2fm, as given in utils/pas3fpm/fpmake.pp)
    
    git-svn-id: trunk@1579 -

M	Makefile
M	Makefile.fpc

******************************************************************************
commit 10871653e40dbe1b4ddccfe0f926b2ccfdc83116
Author: pierre <pierre@freepascal.org>
Date:   Sun Mar 28 21:25:24 2021 +0000

     Fix short name of fcl-report
    
    git-svn-id: trunk@1580 -

M	Makefile
M	Makefile.fpc

******************************************************************************
commit e6a6006b9b7b71a5eb31a76a720a7ad66796f02a
Author: pierre <pierre@freepascal.org>
Date:   Sun Mar 28 21:52:44 2021 +0000

    Fix short names for utils-fpcmkcfg and utils-pas2js
    
    git-svn-id: trunk@1581 -

M	Makefile
M	Makefile.fpc

******************************************************************************
commit 45deed2329abfa21ee17f61379b6d8311b5b8acc
Author: pierre <pierre@freepascal.org>
Date:   Mon Apr 12 21:10:25 2021 +0000

    Regenerate Makefile's
    
    git-svn-id: trunk@1582 -

M	Makefile
M	demo/Makefile
M	demo/freebsd/Makefile
M	demo/graph/Makefile
M	demo/linux/Makefile
M	demo/lister/Makefile
M	demo/modex/Makefile
M	demo/morphos/Makefile
M	demo/netware/Makefile
M	demo/netwlibc/Makefile
M	demo/os2/Makefile
M	demo/text/Makefile
M	demo/unix/Makefile
M	demo/win32/Makefile
